<?xml version="1.0" encoding="UTF-8"?>
<!-- Generated by org.testng.reporters.JUnitXMLReporter -->
<testsuite hostname="DESKTOP-OE9EALR" ignored="0" name="BankingApp Test(failed)" tests="3" failures="2" timestamp="02 May 2019 03:38:54 GMT" time="39.095" errors="0">
  <testcase name="loginTest" time="5.491" classname="com.inetbanking.testCases.TC_LoginTest_001"/>
  <testcase name="loginDDT" time="7.213" classname="com.inetbanking.testCases.TC_LoginTestExcel_002">
    <failure type="java.lang.AssertionError" message="expected [true] but found [false]">
      <![CDATA[java.lang.AssertionError: expected [true] but found [false]
at com.inetbanking.testCases.TC_LoginTestExcel_002.loginDDT(TC_LoginTestExcel_002.java:30)
... Removed 29 stack frames]]>
    </failure>
  </testcase> <!-- loginDDT -->
  <testcase name="loginDDT" time="5.352" classname="com.inetbanking.testCases.TC_LoginTestExcel_002">
    <failure type="java.lang.AssertionError" message="expected [true] but found [false]">
      <![CDATA[java.lang.AssertionError: expected [true] but found [false]
at com.inetbanking.testCases.TC_LoginTestExcel_002.loginDDT(TC_LoginTestExcel_002.java:30)
... Removed 29 stack frames]]>
    </failure>
  </testcase> <!-- loginDDT -->
</testsuite> <!-- BankingApp Test(failed) -->
